<?xml version="1.0" encoding="utf-8"?><testsuites name="pytest tests"><testsuite name="pytest" errors="0" failures="0" skipped="0" tests="5" time="2.278" timestamp="2026-06-08T10:32:35.809949+00:00" hostname="agent-env-b52a1981-d884-48fd-8587-cba8c9a7a3c9"><testcase classname="backend.tests.test_privacy.TestBlocked" name="test_blocked_list_empty_for_alice" time="1.559" /><testcase classname="backend.tests.test_privacy.TestBlocked" name="test_blocked_requires_auth" time="0.087" /><testcase classname="backend.tests.test_privacy.TestWhoCanAdd" name="test_patch_who_can_add_nobody_persists" time="0.211" /><testcase classname="backend.tests.test_privacy.TestWhoCanAdd" name="test_patch_who_can_add_contacts" time="0.202" /><testcase classname="backend.tests.test_privacy.TestWhoCanAdd" name="test_patch_who_can_add_everyone_reset" time="0.124" /></testsuite></testsuites>