<?xml version="1.0" encoding="utf-8"?><testsuites name="pytest tests"><testsuite name="pytest" errors="0" failures="0" skipped="0" tests="17" time="3.620" timestamp="2026-06-08T09:13:23.008248+00:00" hostname="agent-env-b52a1981-d884-48fd-8587-cba8c9a7a3c9"><testcase classname="tests.test_urgentcall_api.TestAuth" name="test_register_new_user" time="0.437" /><testcase classname="tests.test_urgentcall_api.TestAuth" name="test_login_success" time="0.595" /><testcase classname="tests.test_urgentcall_api.TestAuth" name="test_login_wrong_password" time="0.312" /><testcase classname="tests.test_urgentcall_api.TestAuth" name="test_me_with_token" time="0.085" /><testcase classname="tests.test_urgentcall_api.TestAuth" name="test_me_without_token" time="0.035" /><testcase classname="tests.test_urgentcall_api.TestContactsFlow" name="test_search_user_found" time="0.396" /><testcase classname="tests.test_urgentcall_api.TestContactsFlow" name="test_search_user_not_found" time="0.074" /><testcase classname="tests.test_urgentcall_api.TestContactsFlow" name="test_add_contact_active" time="0.083" /><testcase classname="tests.test_urgentcall_api.TestContactsFlow" name="test_list_contacts" time="0.074" /><testcase classname="tests.test_urgentcall_api.TestContactsFlow" name="test_add_alice_as_bobs_contact" time="0.073" /><testcase classname="tests.test_urgentcall_api.TestAlertsFlow" name="test_send_alert_bob_to_alice" time="0.569" /><testcase classname="tests.test_urgentcall_api.TestAlertsFlow" name="test_pending_alerts_alice" time="0.077" /><testcase classname="tests.test_urgentcall_api.TestAlertsFlow" name="test_respond_acknowledge" time="0.279" /><testcase classname="tests.test_urgentcall_api.TestAlertsFlow" name="test_list_alerts_all_with_direction" time="0.073" /><testcase classname="tests.test_urgentcall_api.TestAlertsFlow" name="test_send_alert_invalid_receiver" time="0.079" /><testcase classname="tests.test_urgentcall_api.TestSettings" name="test_update_settings_vibration" time="0.153" /><testcase classname="tests.test_urgentcall_api.TestCleanup" name="test_delete_contact" time="0.150" /></testsuite></testsuites>