<?xml version="1.0" encoding="utf-8"?><testsuites name="pytest tests"><testsuite name="pytest" errors="0" failures="0" skipped="0" tests="14" time="3.560" timestamp="2026-06-13T18:14:47.827378+00:00" hostname="agent-env-b52a1981-d884-48fd-8587-cba8c9a7a3c9"><testcase classname="backend.tests.test_session1_features.TestCustomMessage" name="test_send_alert_with_custom_message" time="1.577" /><testcase classname="backend.tests.test_session1_features.TestCustomMessage" name="test_send_alert_without_message_uses_default" time="0.244" /><testcase classname="backend.tests.test_session1_features.TestCustomMessage" name="test_custom_message_persists_on_get" time="0.025" /><testcase classname="backend.tests.test_session1_features.TestAlertsSortedNewestFirst" name="test_list_alerts_all_sorted_desc" time="0.026" /><testcase classname="backend.tests.test_session1_features.TestAlertsSortedNewestFirst" name="test_list_alerts_received_sorted_desc" time="0.030" /><testcase classname="backend.tests.test_session1_features.TestAlertsSortedNewestFirst" name="test_list_alerts_sent_sorted_desc" time="0.065" /><testcase classname="backend.tests.test_session1_features.TestGetSingleAlert" name="test_sender_can_fetch" time="0.064" /><testcase classname="backend.tests.test_session1_features.TestGetSingleAlert" name="test_receiver_can_fetch" time="0.027" /><testcase classname="backend.tests.test_session1_features.TestGetSingleAlert" name="test_non_participant_gets_404" time="0.352" /><testcase classname="backend.tests.test_session1_features.TestGetSingleAlert" name="test_unauthenticated_gets_401" time="0.025" /><testcase classname="backend.tests.test_session1_features.TestGetSingleAlert" name="test_unknown_id_returns_404" time="0.030" /><testcase classname="backend.tests.test_session1_features.TestGetSingleAlert" name="test_pending_endpoint_not_shadowed" time="0.065" /><testcase classname="backend.tests.test_session1_features.TestAckPropagatesToGetSingle" name="test_full_ack_flow" time="0.606" /><testcase classname="backend.tests.test_session1_features.TestAckPropagatesToGetSingle" name="test_dismiss_flow" time="0.285" /></testsuite></testsuites>